* using log directory ‘/home/chetanmishra/Dropbox/College/4_Fourth Year/Capstone/chetan mishra sandbox/semantic range modeling/wordCooccurrences.Rcheck’
* using R version 3.2.2 (2015-08-14)
* using platform: x86_64-pc-linux-gnu (64-bit)
* using session charset: UTF-8
* checking for file ‘wordCooccurrences/DESCRIPTION’ ... OK
* checking extension type ... Package
* this is package ‘wordCooccurrences’ version ‘1.0’
* checking package namespace information ... OK
* checking package dependencies ... OK
* checking if this is a source package ... OK
* checking if there is a namespace ... OK
* checking for executable files ... OK
* checking for hidden files and directories ... OK
* checking for portable file names ... OK
* checking for sufficient/correct file permissions ... OK
* checking whether package ‘wordCooccurrences’ can be installed ... WARNING
Found the following significant warnings:
  Warning: /home/chetanmishra/Dropbox/College/4_Fourth Year/Capstone/chetan mishra sandbox/semantic range modeling/wordCooccurrences/man/wordCooccurrences-package.Rd:26: All text must be in a section
  Warning: /home/chetanmishra/Dropbox/College/4_Fourth Year/Capstone/chetan mishra sandbox/semantic range modeling/wordCooccurrences/man/wordCooccurrences-package.Rd:27: All text must be in a section
See ‘/home/chetanmishra/Dropbox/College/4_Fourth Year/Capstone/chetan mishra sandbox/semantic range modeling/wordCooccurrences.Rcheck/00install.out’ for details.
* checking installed package size ... OK
* checking package directory ... OK
* checking DESCRIPTION meta-information ... NOTE
Malformed Description field: should contain one or more complete sentences.
* checking top-level files ... OK
* checking for left-over files ... OK
* checking index information ... OK
* checking package subdirectories ... OK
* checking R files for non-ASCII characters ... OK
* checking R files for syntax errors ... OK
* checking whether the package can be loaded ... OK
* checking whether the package can be loaded with stated dependencies ... OK
* checking whether the package can be unloaded cleanly ... OK
* checking whether the namespace can be loaded with stated dependencies ... OK
* checking whether the namespace can be unloaded cleanly ... OK
* checking loading without being on the library search path ... OK
* checking dependencies in R code ... OK
* checking S3 generic/method consistency ... OK
* checking replacement functions ... OK
* checking foreign function calls ... OK
* checking R code for possible problems ... OK
* checking Rd files ... WARNING
prepare_Rd: wordCooccurrences-package.Rd:26: All text must be in a section
prepare_Rd: wordCooccurrences-package.Rd:27: All text must be in a section
prepare_Rd: wordCooccurrences-package.Rd:33-35: Dropping empty section \examples
* checking Rd metadata ... OK
* checking Rd cross-references ... WARNING
Error in find.package(package, lib.loc) : 
  there is no package called ‘nlme’
Calls: <Anonymous> -> lapply -> FUN -> find.package
Execution halted
* checking for missing documentation entries ... OK
* checking for code/documentation mismatches ... OK
* checking Rd \usage sections ... OK
* checking Rd contents ... OK
* checking for unstated dependencies in examples ... OK
* checking line endings in C/C++/Fortran sources/headers ... OK
* checking compiled code ... OK
* checking examples ... OK
* checking PDF version of manual ... WARNING
LaTeX errors when creating PDF version.
This typically indicates Rd problems.
LaTeX errors found:
! LaTeX Error: File `inconsolata.sty' not found.

Type X to quit or <RETURN> to proceed,
or enter new name. (Default extension: sty)

! Emergency stop.
<read *> 
         
l.276 ^^M
         
!  ==> Fatal error occurred, no output PDF file produced!
* checking PDF version of manual without hyperrefs or index ... OK
* DONE
Status: 4 WARNINGs, 1 NOTE
